#
# A fatal error has been detected by the Java Runtime Environment:
#
#  EXCEPTION_ACCESS_VIOLATION (0xc0000005) at pc=0x00007ffb3352e878, pid=16216, tid=1144
#
# JRE version: Java(TM) SE Runtime Environment (15.0.1+9) (build 15.0.1+9-18)
# Java VM: Java HotSpot(TM) 64-Bit Server VM (15.0.1+9-18, mixed mode, sharing, tiered, compressed oops, g1 gc, windows-amd64)
# Problematic frame:
# V  [jvm.dll+0x20e878]
#
# No core dump will be written. Minidumps are not enabled by default on client versions of Windows
#
# If you would like to submit a bug report, please visit:
#   https://bugreport.java.com/bugreport/crash.jsp
#

---------------  S U M M A R Y ------------

Command Line: -XX:+ShowCodeDetailsInExceptionMessages -agentlib:jdwp=transport=dt_socket,suspend=y,address=localhost:61367 -javaagent:C:\Users\sam_t\eclipse\java-2021-03\eclipse\configuration\org.eclipse.osgi\222\0\.cp\lib\javaagent-shaded.jar -Dfile.encoding=Cp1252 main.BeliefRevisionUI

Host: Intel(R) Core(TM) i7-9750H CPU @ 2.60GHz, 12 cores, 15G,  Windows 10 , 64 bit Build 19041 (10.0.19041.928)
Time: Fri May 21 18:47:55 2021 Pacific Daylight Time elapsed time: 1114.390336 seconds (0d 0h 18m 34s)

---------------  T H R E A D  ---------------

Current thread (0x000001da72cc19f0):  JavaThread "JDWP Transport Listener: dt_socket" daemon [_thread_in_vm, id=1144, stack(0x0000006ad9b00000,0x0000006ad9c00000)] _threads_hazard_ptr=0x000001da7a0fe3f0

Stack: [0x0000006ad9b00000,0x0000006ad9c00000],  sp=0x0000006ad9bfed78,  free space=1019k
Native frames: (J=compiled Java code, j=interpreted, Vv=VM code, C=native code)
V  [jvm.dll+0x20e878]


siginfo: EXCEPTION_ACCESS_VIOLATION (0xc0000005), reading address 0x000001da7d005438


Register to memory mapping:

RIP=0x00007ffb3352e878 jvm.dll
RAX=0x0000000000194560 is an unknown value
RBX=0x000001da7ce73608 is pointing into metadata
RCX=0x000001da7ce70ed8 is pointing into metadata
RDX=0x000000000000ca2a is an unknown value
RSP=0x0000006ad9bfed78 is pointing into the stack for thread: 0x000001da72cc19f0
RBP=0x0000006ad9bfeeb0 is pointing into the stack for thread: 0x000001da72cc19f0
RSI=0x0 is NULL
RDI=0x0000006ad9bff4c0 is pointing into the stack for thread: 0x000001da72cc19f0
R8 =0x0 is NULL
R9 =0x000001da7ce73608 is pointing into metadata
R10=0x000001da72b42070 points into unknown readable memory: 0x4700000147000000 | 00 00 00 47 01 00 00 47
R11=0x000001da72b40dc0 points into unknown readable memory: 0x4700000147000000 | 00 00 00 47 01 00 00 47
R12=0x00007ffb33320000 jvm.dll
R13=0x000001da72b40d40 points into unknown readable memory: 0x000002d272c63600 | 00 36 c6 72 d2 02 00 00
R14=0x000001da7ce72f0f is pointing into metadata
R15=0x00000000000002da is an unknown value


Registers:
RAX=0x0000000000194560, RBX=0x000001da7ce73608, RCX=0x000001da7ce70ed8, RDX=0x000000000000ca2a
RSP=0x0000006ad9bfed78, RBP=0x0000006ad9bfeeb0, RSI=0x0000000000000000, RDI=0x0000006ad9bff4c0
R8 =0x0000000000000000, R9 =0x000001da7ce73608, R10=0x000001da72b42070, R11=0x000001da72b40dc0
R12=0x00007ffb33320000, R13=0x000001da72b40d40, R14=0x000001da7ce72f0f, R15=0x00000000000002da
RIP=0x00007ffb3352e878, EFLAGS=0x0000000000010206

Top of Stack: (sp=0x0000006ad9bfed78)
0x0000006ad9bfed78:   00007ffb3352e8fe 0000000000000001
0x0000006ad9bfed88:   0000000000000000 00000008004000a0
0x0000006ad9bfed98:   0000000000000000 0000006ad9bff330
0x0000006ad9bfeda8:   00007ffb33620134 0000000000000001
0x0000006ad9bfedb8:   0000000000000000 0000000000000000
0x0000006ad9bfedc8:   0000000000000000 0000000000000000
0x0000006ad9bfedd8:   0000000000000000 000001da72db99d0
0x0000006ad9bfede8:   000000000000000e 0000000000000000
0x0000006ad9bfedf8:   0000006ad9bfee50 0000000000000004
0x0000006ad9bfee08:   000001da72db99d0 0000004700000046
0x0000006ad9bfee18:   0000000000000047 000000030000000e
0x0000006ad9bfee28:   00000008004000a0 0000000000000000
0x0000006ad9bfee38:   0000000000000000 0000000000000000
0x0000006ad9bfee48:   0000000000000000 4fffffff4fffffff
0x0000006ad9bfee58:   4fffffff4fffffff 000000004fffffff
0x0000006ad9bfee68:   0000000000000000 0000006ad9bff4c0 

Instructions: (pc=0x00007ffb3352e878)
0x00007ffb3352e778:   03 03 03 03 03 03 03 03 03 03 03 03 03 03 03 03
0x00007ffb3352e788:   03 03 03 03 03 03 03 03 03 03 03 03 03 03 03 03
0x00007ffb3352e798:   03 03 03 03 03 03 03 03 03 03 03 03 03 03 03 03
0x00007ffb3352e7a8:   03 03 03 03 03 03 03 03 03 03 03 03 03 03 03 03
0x00007ffb3352e7b8:   03 03 03 02 03 03 02 cc 48 89 5c 24 08 48 89 74
0x00007ffb3352e7c8:   24 10 57 48 83 ec 20 48 63 da 41 0f b6 f0 48 8b
0x00007ffb3352e7d8:   f9 85 d2 79 24 4c 8d 0d 9c 97 66 00 ba af 02 00
0x00007ffb3352e7e8:   00 4c 8d 05 c8 97 66 00 48 8d 0d 41 97 66 00 e8
0x00007ffb3352e7f8:   54 79 00 00 e8 3f c1 41 00 40 84 f6 75 18 48 8b
0x00007ffb3352e808:   4f 10 48 85 c9 74 0f 48 8d 43 01 48 c1 e0 05 48
0x00007ffb3352e818:   8b 04 08 0f b7 d8 48 8b 74 24 38 48 63 c3 48 8b
0x00007ffb3352e828:   5c 24 30 0f b7 44 c7 48 48 83 c4 20 5f c3 cc cc
0x00007ffb3352e838:   cc cc cc cc cc cc cc cc 4c 8b c9 45 84 c0 75 41
0x00007ffb3352e848:   48 8b 49 10 48 85 c9 74 38 85 d2 79 19 f7 d2 8b
0x00007ffb3352e858:   c2 48 ff c0 48 c1 e0 05 48 8b 04 08 0f b7 c8 41
0x00007ffb3352e868:   0f b7 44 c9 4a c3 48 63 c2 48 ff c0 48 c1 e0 05
0x00007ffb3352e878:   48 8b 04 08 0f b7 d0 48 63 c2 41 0f b7 44 c1 4a
0x00007ffb3352e888:   c3 49 8b 41 08 4c 63 c2 42 0f b6 44 00 04 8d 48
0x00007ffb3352e898:   ef 80 f9 01 76 0e 3c 6a 74 0a 48 63 c2 41 0f b7
0x00007ffb3352e8a8:   44 c1 4a c3 43 0f b7 44 c1 4a c3 cc cc cc cc cc
0x00007ffb3352e8b8:   cc cc cc cc cc cc cc cc 40 53 48 83 ec 20 48 8b
0x00007ffb3352e8c8:   d9 e8 72 ff ff ff 48 63 d0 0f b7 44 d3 48 48 8b
0x00007ffb3352e8d8:   44 c3 48 48 83 c4 20 5b c3 cc cc cc cc cc cc cc
0x00007ffb3352e8e8:   cc cc cc cc cc cc cc cc 40 53 48 83 ec 20 48 8b
0x00007ffb3352e8f8:   d9 e8 42 ff ff ff 48 63 d0 0f b7 44 d3 4a 48 8b
0x00007ffb3352e908:   44 c3 48 48 83 c4 20 5b c3 cc cc cc cc cc cc cc
0x00007ffb3352e918:   cc cc cc cc cc cc cc cc 4c 8b d1 45 84 c9 75 28
0x00007ffb3352e928:   4c 8b 49 10 4d 85 c9 74 1f 45 85 c0 79 08 41 f7
0x00007ffb3352e938:   d0 41 8b c0 eb 03 49 63 c0 48 ff c0 48 c1 e0 05
0x00007ffb3352e948:   4a 8b 04 08 44 0f b7 c0 49 8b 42 08 49 63 c8 0f
0x00007ffb3352e958:   b6 4c 08 04 48 8b c2 88 0a c3 cc cc cc cc cc cc
0x00007ffb3352e968:   cc cc cc cc cc cc cc cc 40 56 57 41 54 41 56 41 


Stack slot to memory mapping:
stack at sp + 0 slots: 0x00007ffb3352e8fe jvm.dll
stack at sp + 1 slots: 0x0000000000000001 is an unknown value
stack at sp + 2 slots: 0x0 is NULL
stack at sp + 3 slots: 0x00000008004000a0 is pointing into metadata
stack at sp + 4 slots: 0x0 is NULL
stack at sp + 5 slots: 0x0000006ad9bff330 is pointing into the stack for thread: 0x000001da72cc19f0
stack at sp + 6 slots: 0x00007ffb33620134 jvm.dll
stack at sp + 7 slots: 0x0000000000000001 is an unknown value


---------------  P R O C E S S  ---------------

Threads class SMR info:
_java_thread_list=0x000001da7a0fe3f0, length=20, elements={
0x000001da722282a0, 0x000001da72228d80, 0x000001da72a44bd0, 0x000001da72a45490,
0x000001da72a46d60, 0x000001da72a4d010, 0x000001da72a4f9d0, 0x000001da72a59ab0,
0x000001da72b36a40, 0x000001da72cc19f0, 0x000001da72c6ace0, 0x000001da72d08810,
0x000001da72d63380, 0x000001da73354fc0, 0x000001da72dce910, 0x000001da72dd0010,
0x000001da79fda070, 0x000001da4e6a0410, 0x000001da7a154ac0, 0x000001da7a203100
}

Java Threads: ( => current thread )
  0x000001da722282a0 JavaThread "Reference Handler" daemon [_thread_blocked, id=26712, stack(0x0000006ad9100000,0x0000006ad9200000)]
  0x000001da72228d80 JavaThread "Finalizer" daemon [_thread_blocked, id=8352, stack(0x0000006ad9200000,0x0000006ad9300000)]
  0x000001da72a44bd0 JavaThread "Signal Dispatcher" daemon [_thread_blocked, id=27888, stack(0x0000006ad9300000,0x0000006ad9400000)]
  0x000001da72a45490 JavaThread "Attach Listener" daemon [_thread_blocked, id=12548, stack(0x0000006ad9400000,0x0000006ad9500000)]
  0x000001da72a46d60 JavaThread "Service Thread" daemon [_thread_blocked, id=23604, stack(0x0000006ad9500000,0x0000006ad9600000)]
  0x000001da72a4d010 JavaThread "C2 CompilerThread0" daemon [_thread_blocked, id=23380, stack(0x0000006ad9600000,0x0000006ad9700000)]
  0x000001da72a4f9d0 JavaThread "C1 CompilerThread0" daemon [_thread_blocked, id=15836, stack(0x0000006ad9700000,0x0000006ad9800000)]
  0x000001da72a59ab0 JavaThread "Sweeper thread" daemon [_thread_blocked, id=26240, stack(0x0000006ad9800000,0x0000006ad9900000)]
  0x000001da72b36a40 JavaThread "Common-Cleaner" daemon [_thread_blocked, id=19484, stack(0x0000006ad9900000,0x0000006ad9a00000)]
=>0x000001da72cc19f0 JavaThread "JDWP Transport Listener: dt_socket" daemon [_thread_in_vm, id=1144, stack(0x0000006ad9b00000,0x0000006ad9c00000)]
  0x000001da72c6ace0 JavaThread "JDWP Event Helper Thread" daemon [_thread_blocked, id=30008, stack(0x0000006ad9c00000,0x0000006ad9d00000)]
  0x000001da72d08810 JavaThread "JDWP Command Reader" daemon [_thread_in_native, id=27844, stack(0x0000006ad9d00000,0x0000006ad9e00000)]
  0x000001da72d63380 JavaThread "Notification Thread" daemon [_thread_blocked, id=26484, stack(0x0000006ad9e00000,0x0000006ad9f00000)]
  0x000001da73354fc0 JavaThread "Java2D Disposer" daemon [_thread_blocked, id=7332, stack(0x0000006ada000000,0x0000006ada100000)]
  0x000001da72dce910 JavaThread "AWT-Shutdown" [_thread_blocked, id=23456, stack(0x0000006ada100000,0x0000006ada200000)]
  0x000001da72dd0010 JavaThread "AWT-Windows" daemon [_thread_in_native, id=29392, stack(0x0000006ada200000,0x0000006ada300000)]
  0x000001da79fda070 JavaThread "AWT-EventQueue-0" [_thread_blocked, id=14864, stack(0x0000006ada500000,0x0000006ada600000)]
  0x000001da4e6a0410 JavaThread "DestroyJavaVM" [_thread_blocked, id=27532, stack(0x0000006ad8a00000,0x0000006ad8b00000)]
  0x000001da7a154ac0 JavaThread "D3D Screen Updater" daemon [_thread_blocked, id=30212, stack(0x0000006ada900000,0x0000006adaa00000)]
  0x000001da7a203100 JavaThread "TimerQueue" daemon [_thread_blocked, id=7604, stack(0x0000006adaa00000,0x0000006adab00000)]

Other Threads:
  0x000001da72222b00 VMThread "VM Thread" [stack: 0x0000006ad9000000,0x0000006ad9100000] [id=31364]
  0x000001da72d64870 WatcherThread [stack: 0x0000006ad9f00000,0x0000006ada000000] [id=18656]
  0x000001da4e6f41b0 GCTaskThread "GC Thread#0" [stack: 0x0000006ad8b00000,0x0000006ad8c00000] [id=21772]
  0x000001da4e705870 ConcurrentGCThread "G1 Main Marker" [stack: 0x0000006ad8c00000,0x0000006ad8d00000] [id=29028]
  0x000001da4e706370 ConcurrentGCThread "G1 Conc#0" [stack: 0x0000006ad8d00000,0x0000006ad8e00000] [id=13636]
  0x000001da7209a100 ConcurrentGCThread "G1 Refine#0" [stack: 0x0000006ad8e00000,0x0000006ad8f00000] [id=22744]
  0x000001da7209a850 ConcurrentGCThread "G1 Young RemSet Sampling" [stack: 0x0000006ad8f00000,0x0000006ad9000000] [id=26352]

Threads with active compile tasks:

VM state: not at safepoint (normal execution)

VM Mutex/Monitor currently owned by a thread: None

Heap address: 0x0000000701400000, size: 4076 MB, Compressed Oops mode: Zero based, Oop shift amount: 3
CDS archive(s) mapped at: [0x0000000800000000-0x0000000800b50000-0x0000000800b50000), size 11862016, SharedBaseAddress: 0x0000000800000000, ArchiveRelocationMode: 0.
Compressed class space mapped at: 0x0000000800b50000-0x0000000840b50000, size: 1073741824
Narrow klass base: 0x0000000800000000, Narrow klass shift: 3, Narrow klass range: 0x100000000

GC Precious Log:
 CPUs: 12 total, 12 available
 Memory: 16303M
 Large Page Support: Disabled
 NUMA Support: Disabled
 Compressed Oops: Enabled (Zero based)
 Heap Region Size: 2M
 Heap Min Capacity: 8M
 Heap Initial Capacity: 256M
 Heap Max Capacity: 4076M
 Pre-touch: Disabled
 Parallel Workers: 10
 Concurrent Workers: 3
 Concurrent Refinement Workers: 10
 Periodic GC: Disabled

Heap:
 garbage-first heap   total 262144K, used 20480K [0x0000000701400000, 0x0000000800000000)
  region size 2048K, 11 young (22528K), 0 survivors (0K)
 Metaspace       used 12384K, capacity 12677K, committed 12928K, reserved 1060864K
  class space    used 1424K, capacity 1543K, committed 1664K, reserved 1048576K

Heap Regions: E=young(eden), S=young(survivor), O=old, HS=humongous(starts), HC=humongous(continues), CS=collection set, F=free, OA=open archive, CA=closed archive, TAMS=top-at-mark-start (previous, next)
|   0|0x0000000701400000, 0x0000000701400000, 0x0000000701600000|  0%| F|  |TAMS 0x0000000701400000, 0x0000000701400000| Untracked 
|   1|0x0000000701600000, 0x0000000701600000, 0x0000000701800000|  0%| F|  |TAMS 0x0000000701600000, 0x0000000701600000| Untracked 
|   2|0x0000000701800000, 0x0000000701800000, 0x0000000701a00000|  0%| F|  |TAMS 0x0000000701800000, 0x0000000701800000| Untracked 
|   3|0x0000000701a00000, 0x0000000701a00000, 0x0000000701c00000|  0%| F|  |TAMS 0x0000000701a00000, 0x0000000701a00000| Untracked 
|   4|0x0000000701c00000, 0x0000000701c00000, 0x0000000701e00000|  0%| F|  |TAMS 0x0000000701c00000, 0x0000000701c00000| Untracked 
|   5|0x0000000701e00000, 0x0000000701e00000, 0x0000000702000000|  0%| F|  |TAMS 0x0000000701e00000, 0x0000000701e00000| Untracked 
|   6|0x0000000702000000, 0x0000000702000000, 0x0000000702200000|  0%| F|  |TAMS 0x0000000702000000, 0x0000000702000000| Untracked 
|   7|0x0000000702200000, 0x0000000702200000, 0x0000000702400000|  0%| F|  |TAMS 0x0000000702200000, 0x0000000702200000| Untracked 
|   8|0x0000000702400000, 0x0000000702400000, 0x0000000702600000|  0%| F|  |TAMS 0x0000000702400000, 0x0000000702400000| Untracked 
|   9|0x0000000702600000, 0x0000000702600000, 0x0000000702800000|  0%| F|  |TAMS 0x0000000702600000, 0x0000000702600000| Untracked 
|  10|0x0000000702800000, 0x0000000702800000, 0x0000000702a00000|  0%| F|  |TAMS 0x0000000702800000, 0x0000000702800000| Untracked 
|  11|0x0000000702a00000, 0x0000000702a00000, 0x0000000702c00000|  0%| F|  |TAMS 0x0000000702a00000, 0x0000000702a00000| Untracked 
|  12|0x0000000702c00000, 0x0000000702c00000, 0x0000000702e00000|  0%| F|  |TAMS 0x0000000702c00000, 0x0000000702c00000| Untracked 
|  13|0x0000000702e00000, 0x0000000702e00000, 0x0000000703000000|  0%| F|  |TAMS 0x0000000702e00000, 0x0000000702e00000| Untracked 
|  14|0x0000000703000000, 0x0000000703000000, 0x0000000703200000|  0%| F|  |TAMS 0x0000000703000000, 0x0000000703000000| Untracked 
|  15|0x0000000703200000, 0x0000000703200000, 0x0000000703400000|  0%| F|  |TAMS 0x0000000703200000, 0x0000000703200000| Untracked 
|  16|0x0000000703400000, 0x0000000703400000, 0x0000000703600000|  0%| F|  |TAMS 0x0000000703400000, 0x0000000703400000| Untracked 
|  17|0x0000000703600000, 0x0000000703600000, 0x0000000703800000|  0%| F|  |TAMS 0x0000000703600000, 0x0000000703600000| Untracked 
|  18|0x0000000703800000, 0x0000000703800000, 0x0000000703a00000|  0%| F|  |TAMS 0x0000000703800000, 0x0000000703800000| Untracked 
|  19|0x0000000703a00000, 0x0000000703a00000, 0x0000000703c00000|  0%| F|  |TAMS 0x0000000703a00000, 0x0000000703a00000| Untracked 
|  20|0x0000000703c00000, 0x0000000703c00000, 0x0000000703e00000|  0%| F|  |TAMS 0x0000000703c00000, 0x0000000703c00000| Untracked 
|  21|0x0000000703e00000, 0x0000000703e00000, 0x0000000704000000|  0%| F|  |TAMS 0x0000000703e00000, 0x0000000703e00000| Untracked 
|  22|0x0000000704000000, 0x0000000704000000, 0x0000000704200000|  0%| F|  |TAMS 0x0000000704000000, 0x0000000704000000| Untracked 
|  23|0x0000000704200000, 0x0000000704200000, 0x0000000704400000|  0%| F|  |TAMS 0x0000000704200000, 0x0000000704200000| Untracked 
|  24|0x0000000704400000, 0x0000000704400000, 0x0000000704600000|  0%| F|  |TAMS 0x0000000704400000, 0x0000000704400000| Untracked 
|  25|0x0000000704600000, 0x0000000704600000, 0x0000000704800000|  0%| F|  |TAMS 0x0000000704600000, 0x0000000704600000| Untracked 
|  26|0x0000000704800000, 0x0000000704800000, 0x0000000704a00000|  0%| F|  |TAMS 0x0000000704800000, 0x0000000704800000| Untracked 
|  27|0x0000000704a00000, 0x0000000704a00000, 0x0000000704c00000|  0%| F|  |TAMS 0x0000000704a00000, 0x0000000704a00000| Untracked 
|  28|0x0000000704c00000, 0x0000000704c00000, 0x0000000704e00000|  0%| F|  |TAMS 0x0000000704c00000, 0x0000000704c00000| Untracked 
|  29|0x0000000704e00000, 0x0000000704e00000, 0x0000000705000000|  0%| F|  |TAMS 0x0000000704e00000, 0x0000000704e00000| Untracked 
|  30|0x0000000705000000, 0x0000000705000000, 0x0000000705200000|  0%| F|  |TAMS 0x0000000705000000, 0x0000000705000000| Untracked 
|  31|0x0000000705200000, 0x0000000705200000, 0x0000000705400000|  0%| F|  |TAMS 0x0000000705200000, 0x0000000705200000| Untracked 
|  32|0x0000000705400000, 0x0000000705400000, 0x0000000705600000|  0%| F|  |TAMS 0x0000000705400000, 0x0000000705400000| Untracked 
|  33|0x0000000705600000, 0x0000000705600000, 0x0000000705800000|  0%| F|  |TAMS 0x0000000705600000, 0x0000000705600000| Untracked 
|  34|0x0000000705800000, 0x0000000705800000, 0x0000000705a00000|  0%| F|  |TAMS 0x0000000705800000, 0x0000000705800000| Untracked 
|  35|0x0000000705a00000, 0x0000000705a00000, 0x0000000705c00000|  0%| F|  |TAMS 0x0000000705a00000, 0x0000000705a00000| Untracked 
|  36|0x0000000705c00000, 0x0000000705c00000, 0x0000000705e00000|  0%| F|  |TAMS 0x0000000705c00000, 0x0000000705c00000| Untracked 
|  37|0x0000000705e00000, 0x0000000705e00000, 0x0000000706000000|  0%| F|  |TAMS 0x0000000705e00000, 0x0000000705e00000| Untracked 
|  38|0x0000000706000000, 0x0000000706000000, 0x0000000706200000|  0%| F|  |TAMS 0x0000000706000000, 0x0000000706000000| Untracked 
|  39|0x0000000706200000, 0x0000000706200000, 0x0000000706400000|  0%| F|  |TAMS 0x0000000706200000, 0x0000000706200000| Untracked 
|  40|0x0000000706400000, 0x0000000706400000, 0x0000000706600000|  0%| F|  |TAMS 0x0000000706400000, 0x0000000706400000| Untracked 
|  41|0x0000000706600000, 0x0000000706600000, 0x0000000706800000|  0%| F|  |TAMS 0x0000000706600000, 0x0000000706600000| Untracked 
|  42|0x0000000706800000, 0x0000000706800000, 0x0000000706a00000|  0%| F|  |TAMS 0x0000000706800000, 0x0000000706800000| Untracked 
|  43|0x0000000706a00000, 0x0000000706a00000, 0x0000000706c00000|  0%| F|  |TAMS 0x0000000706a00000, 0x0000000706a00000| Untracked 
|  44|0x0000000706c00000, 0x0000000706c00000, 0x0000000706e00000|  0%| F|  |TAMS 0x0000000706c00000, 0x0000000706c00000| Untracked 
|  45|0x0000000706e00000, 0x0000000706e00000, 0x0000000707000000|  0%| F|  |TAMS 0x0000000706e00000, 0x0000000706e00000| Untracked 
|  46|0x0000000707000000, 0x0000000707000000, 0x0000000707200000|  0%| F|  |TAMS 0x0000000707000000, 0x0000000707000000| Untracked 
|  47|0x0000000707200000, 0x0000000707200000, 0x0000000707400000|  0%| F|  |TAMS 0x0000000707200000, 0x0000000707200000| Untracked 
|  48|0x0000000707400000, 0x0000000707400000, 0x0000000707600000|  0%| F|  |TAMS 0x0000000707400000, 0x0000000707400000| Untracked 
|  49|0x0000000707600000, 0x0000000707600000, 0x0000000707800000|  0%| F|  |TAMS 0x0000000707600000, 0x0000000707600000| Untracked 
|  50|0x0000000707800000, 0x0000000707800000, 0x0000000707a00000|  0%| F|  |TAMS 0x0000000707800000, 0x0000000707800000| Untracked 
|  51|0x0000000707a00000, 0x0000000707a00000, 0x0000000707c00000|  0%| F|  |TAMS 0x0000000707a00000, 0x0000000707a00000| Untracked 
|  52|0x0000000707c00000, 0x0000000707c00000, 0x0000000707e00000|  0%| F|  |TAMS 0x0000000707c00000, 0x0000000707c00000| Untracked 
|  53|0x0000000707e00000, 0x0000000707e00000, 0x0000000708000000|  0%| F|  |TAMS 0x0000000707e00000, 0x0000000707e00000| Untracked 
|  54|0x0000000708000000, 0x0000000708000000, 0x0000000708200000|  0%| F|  |TAMS 0x0000000708000000, 0x0000000708000000| Untracked 
|  55|0x0000000708200000, 0x0000000708200000, 0x0000000708400000|  0%| F|  |TAMS 0x0000000708200000, 0x0000000708200000| Untracked 
|  56|0x0000000708400000, 0x0000000708400000, 0x0000000708600000|  0%| F|  |TAMS 0x0000000708400000, 0x0000000708400000| Untracked 
|  57|0x0000000708600000, 0x0000000708600000, 0x0000000708800000|  0%| F|  |TAMS 0x0000000708600000, 0x0000000708600000| Untracked 
|  58|0x0000000708800000, 0x0000000708800000, 0x0000000708a00000|  0%| F|  |TAMS 0x0000000708800000, 0x0000000708800000| Untracked 
|  59|0x0000000708a00000, 0x0000000708a00000, 0x0000000708c00000|  0%| F|  |TAMS 0x0000000708a00000, 0x0000000708a00000| Untracked 
|  60|0x0000000708c00000, 0x0000000708c00000, 0x0000000708e00000|  0%| F|  |TAMS 0x0000000708c00000, 0x0000000708c00000| Untracked 
|  61|0x0000000708e00000, 0x0000000708e00000, 0x0000000709000000|  0%| F|  |TAMS 0x0000000708e00000, 0x0000000708e00000| Untracked 
|  62|0x0000000709000000, 0x0000000709000000, 0x0000000709200000|  0%| F|  |TAMS 0x0000000709000000, 0x0000000709000000| Untracked 
|  63|0x0000000709200000, 0x0000000709200000, 0x0000000709400000|  0%| F|  |TAMS 0x0000000709200000, 0x0000000709200000| Untracked 
|  64|0x0000000709400000, 0x0000000709400000, 0x0000000709600000|  0%| F|  |TAMS 0x0000000709400000, 0x0000000709400000| Untracked 
|  65|0x0000000709600000, 0x0000000709600000, 0x0000000709800000|  0%| F|  |TAMS 0x0000000709600000, 0x0000000709600000| Untracked 
|  66|0x0000000709800000, 0x0000000709800000, 0x0000000709a00000|  0%| F|  |TAMS 0x0000000709800000, 0x0000000709800000| Untracked 
|  67|0x0000000709a00000, 0x0000000709a00000, 0x0000000709c00000|  0%| F|  |TAMS 0x0000000709a00000, 0x0000000709a00000| Untracked 
|  68|0x0000000709c00000, 0x0000000709c00000, 0x0000000709e00000|  0%| F|  |TAMS 0x0000000709c00000, 0x0000000709c00000| Untracked 
|  69|0x0000000709e00000, 0x0000000709e00000, 0x000000070a000000|  0%| F|  |TAMS 0x0000000709e00000, 0x0000000709e00000| Untracked 
|  70|0x000000070a000000, 0x000000070a000000, 0x000000070a200000|  0%| F|  |TAMS 0x000000070a000000, 0x000000070a000000| Untracked 
|  71|0x000000070a200000, 0x000000070a200000, 0x000000070a400000|  0%| F|  |TAMS 0x000000070a200000, 0x000000070a200000| Untracked 
|  72|0x000000070a400000, 0x000000070a400000, 0x000000070a600000|  0%| F|  |TAMS 0x000000070a400000, 0x000000070a400000| Untracked 
|  73|0x000000070a600000, 0x000000070a600000, 0x000000070a800000|  0%| F|  |TAMS 0x000000070a600000, 0x000000070a600000| Untracked 
|  74|0x000000070a800000, 0x000000070a800000, 0x000000070aa00000|  0%| F|  |TAMS 0x000000070a800000, 0x000000070a800000| Untracked 
|  75|0x000000070aa00000, 0x000000070aa00000, 0x000000070ac00000|  0%| F|  |TAMS 0x000000070aa00000, 0x000000070aa00000| Untracked 
|  76|0x000000070ac00000, 0x000000070ac00000, 0x000000070ae00000|  0%| F|  |TAMS 0x000000070ac00000, 0x000000070ac00000| Untracked 
|  77|0x000000070ae00000, 0x000000070ae00000, 0x000000070b000000|  0%| F|  |TAMS 0x000000070ae00000, 0x000000070ae00000| Untracked 
|  78|0x000000070b000000, 0x000000070b000000, 0x000000070b200000|  0%| F|  |TAMS 0x000000070b000000, 0x000000070b000000| Untracked 
|  79|0x000000070b200000, 0x000000070b200000, 0x000000070b400000|  0%| F|  |TAMS 0x000000070b200000, 0x000000070b200000| Untracked 
|  80|0x000000070b400000, 0x000000070b400000, 0x000000070b600000|  0%| F|  |TAMS 0x000000070b400000, 0x000000070b400000| Untracked 
|  81|0x000000070b600000, 0x000000070b600000, 0x000000070b800000|  0%| F|  |TAMS 0x000000070b600000, 0x000000070b600000| Untracked 
|  82|0x000000070b800000, 0x000000070b800000, 0x000000070ba00000|  0%| F|  |TAMS 0x000000070b800000, 0x000000070b800000| Untracked 
|  83|0x000000070ba00000, 0x000000070ba00000, 0x000000070bc00000|  0%| F|  |TAMS 0x000000070ba00000, 0x000000070ba00000| Untracked 
|  84|0x000000070bc00000, 0x000000070bc00000, 0x000000070be00000|  0%| F|  |TAMS 0x000000070bc00000, 0x000000070bc00000| Untracked 
|  85|0x000000070be00000, 0x000000070be00000, 0x000000070c000000|  0%| F|  |TAMS 0x000000070be00000, 0x000000070be00000| Untracked 
|  86|0x000000070c000000, 0x000000070c000000, 0x000000070c200000|  0%| F|  |TAMS 0x000000070c000000, 0x000000070c000000| Untracked 
|  87|0x000000070c200000, 0x000000070c200000, 0x000000070c400000|  0%| F|  |TAMS 0x000000070c200000, 0x000000070c200000| Untracked 
|  88|0x000000070c400000, 0x000000070c400000, 0x000000070c600000|  0%| F|  |TAMS 0x000000070c400000, 0x000000070c400000| Untracked 
|  89|0x000000070c600000, 0x000000070c600000, 0x000000070c800000|  0%| F|  |TAMS 0x000000070c600000, 0x000000070c600000| Untracked 
|  90|0x000000070c800000, 0x000000070c800000, 0x000000070ca00000|  0%| F|  |TAMS 0x000000070c800000, 0x000000070c800000| Untracked 
|  91|0x000000070ca00000, 0x000000070ca00000, 0x000000070cc00000|  0%| F|  |TAMS 0x000000070ca00000, 0x000000070ca00000| Untracked 
|  92|0x000000070cc00000, 0x000000070cc00000, 0x000000070ce00000|  0%| F|  |TAMS 0x000000070cc00000, 0x000000070cc00000| Untracked 
|  93|0x000000070ce00000, 0x000000070ce00000, 0x000000070d000000|  0%| F|  |TAMS 0x000000070ce00000, 0x000000070ce00000| Untracked 
|  94|0x000000070d000000, 0x000000070d000000, 0x000000070d200000|  0%| F|  |TAMS 0x000000070d000000, 0x000000070d000000| Untracked 
|  95|0x000000070d200000, 0x000000070d200000, 0x000000070d400000|  0%| F|  |TAMS 0x000000070d200000, 0x000000070d200000| Untracked 
|  96|0x000000070d400000, 0x000000070d400000, 0x000000070d600000|  0%| F|  |TAMS 0x000000070d400000, 0x000000070d400000| Untracked 
|  97|0x000000070d600000, 0x000000070d600000, 0x000000070d800000|  0%| F|  |TAMS 0x000000070d600000, 0x000000070d600000| Untracked 
|  98|0x000000070d800000, 0x000000070d800000, 0x000000070da00000|  0%| F|  |TAMS 0x000000070d800000, 0x000000070d800000| Untracked 
|  99|0x000000070da00000, 0x000000070da00000, 0x000000070dc00000|  0%| F|  |TAMS 0x000000070da00000, 0x000000070da00000| Untracked 
| 100|0x000000070dc00000, 0x000000070dc00000, 0x000000070de00000|  0%| F|  |TAMS 0x000000070dc00000, 0x000000070dc00000| Untracked 
| 101|0x000000070de00000, 0x000000070de00000, 0x000000070e000000|  0%| F|  |TAMS 0x000000070de00000, 0x000000070de00000| Untracked 
| 102|0x000000070e000000, 0x000000070e000000, 0x000000070e200000|  0%| F|  |TAMS 0x000000070e000000, 0x000000070e000000| Untracked 
| 103|0x000000070e200000, 0x000000070e200000, 0x000000070e400000|  0%| F|  |TAMS 0x000000070e200000, 0x000000070e200000| Untracked 
| 104|0x000000070e400000, 0x000000070e400000, 0x000000070e600000|  0%| F|  |TAMS 0x000000070e400000, 0x000000070e400000| Untracked 
| 105|0x000000070e600000, 0x000000070e600000, 0x000000070e800000|  0%| F|  |TAMS 0x000000070e600000, 0x000000070e600000| Untracked 
| 106|0x000000070e800000, 0x000000070e800000, 0x000000070ea00000|  0%| F|  |TAMS 0x000000070e800000, 0x000000070e800000| Untracked 
| 107|0x000000070ea00000, 0x000000070ea00000, 0x000000070ec00000|  0%| F|  |TAMS 0x000000070ea00000, 0x000000070ea00000| Untracked 
| 108|0x000000070ec00000, 0x000000070ec00000, 0x000000070ee00000|  0%| F|  |TAMS 0x000000070ec00000, 0x000000070ec00000| Untracked 
| 109|0x000000070ee00000, 0x000000070ee00000, 0x000000070f000000|  0%| F|  |TAMS 0x000000070ee00000, 0x000000070ee00000| Untracked 
| 110|0x000000070f000000, 0x000000070f000000, 0x000000070f200000|  0%| F|  |TAMS 0x000000070f000000, 0x000000070f000000| Untracked 
| 111|0x000000070f200000, 0x000000070f200000, 0x000000070f400000|  0%| F|  |TAMS 0x000000070f200000, 0x000000070f200000| Untracked 
| 112|0x000000070f400000, 0x000000070f400000, 0x000000070f600000|  0%| F|  |TAMS 0x000000070f400000, 0x000000070f400000| Untracked 
| 113|0x000000070f600000, 0x000000070f600000, 0x000000070f800000|  0%| F|  |TAMS 0x000000070f600000, 0x000000070f600000| Untracked 
| 114|0x000000070f800000, 0x000000070f800000, 0x000000070fa00000|  0%| F|  |TAMS 0x000000070f800000, 0x000000070f800000| Untracked 
| 115|0x000000070fa00000, 0x000000070fa00000, 0x000000070fc00000|  0%| F|  |TAMS 0x000000070fa00000, 0x000000070fa00000| Untracked 
| 116|0x000000070fc00000, 0x000000070fc00000, 0x000000070fe00000|  0%| F|  |TAMS 0x000000070fc00000, 0x000000070fc00000| Untracked 
| 117|0x000000070fe00000, 0x000000070fe71a48, 0x0000000710000000| 22%| E|  |TAMS 0x000000070fe00000, 0x000000070fe00000| Complete 
| 118|0x0000000710000000, 0x0000000710200000, 0x0000000710200000|100%| E|CS|TAMS 0x0000000710000000, 0x0000000710000000| Complete 
| 119|0x0000000710200000, 0x0000000710400000, 0x0000000710400000|100%| E|CS|TAMS 0x0000000710200000, 0x0000000710200000| Complete 
| 120|0x0000000710400000, 0x0000000710600000, 0x0000000710600000|100%| E|CS|TAMS 0x0000000710400000, 0x0000000710400000| Complete 
| 121|0x0000000710600000, 0x0000000710800000, 0x0000000710800000|100%| E|CS|TAMS 0x0000000710600000, 0x0000000710600000| Complete 
| 122|0x0000000710800000, 0x0000000710a00000, 0x0000000710a00000|100%| E|CS|TAMS 0x0000000710800000, 0x0000000710800000| Complete 
| 123|0x0000000710a00000, 0x0000000710c00000, 0x0000000710c00000|100%| E|CS|TAMS 0x0000000710a00000, 0x0000000710a00000| Complete 
| 124|0x0000000710c00000, 0x0000000710e00000, 0x0000000710e00000|100%| E|CS|TAMS 0x0000000710c00000, 0x0000000710c00000| Complete 
| 125|0x0000000710e00000, 0x0000000711000000, 0x0000000711000000|100%| E|CS|TAMS 0x0000000710e00000, 0x0000000710e00000| Complete 
| 126|0x0000000711000000, 0x0000000711200000, 0x0000000711200000|100%| E|CS|TAMS 0x0000000711000000, 0x0000000711000000| Complete 
| 127|0x0000000711200000, 0x0000000711400000, 0x0000000711400000|100%| E|CS|TAMS 0x0000000711200000, 0x0000000711200000| Complete 

Card table byte_map: [0x000001da66630000,0x000001da66e30000] _byte_map_base: 0x000001da62e26000

Marking Bits (Prev, Next): (CMBitMap*) 0x000001da4e6f48b0, (CMBitMap*) 0x000001da4e6f48f0
 Prev Bits: [0x000001da67630000, 0x000001da6b5e0000)
 Next Bits: [0x000001da6b5e0000, 0x000001da6f590000)

Polling page: 0x000001da4de80000

Metaspace:

Usage:
  Non-class:     10.87 MB capacity,    10.70 MB ( 98%) used,   149.71 KB (  1%) free+waste,    24.44 KB ( <1%) overhead. 
      Class:      1.51 MB capacity,     1.39 MB ( 92%) used,   108.73 KB (  7%) free+waste,     9.94 KB ( <1%) overhead. 
       Both:     12.38 MB capacity,    12.09 MB ( 98%) used,   258.45 KB (  2%) free+waste,    34.38 KB ( <1%) overhead. 

Virtual space:
  Non-class space:       12.00 MB reserved,      11.00 MB ( 92%) committed 
      Class space:        1.00 GB reserved,       1.62 MB ( <1%) committed 
             Both:        1.01 GB reserved,      12.62 MB (  1%) committed 

Chunk freelists:
   Non-Class:  0 bytes
       Class:  25.00 KB
        Both:  25.00 KB

MaxMetaspaceSize: 17179869184.00 GB
CompressedClassSpaceSize: 1.00 GB

CodeHeap 'non-profiled nmethods': size=120000Kb used=446Kb max_used=446Kb free=119553Kb
 bounds [0x000001da5e3b0000, 0x000001da5e620000, 0x000001da658e0000]
CodeHeap 'profiled nmethods': size=120000Kb used=2374Kb max_used=2374Kb free=117625Kb
 bounds [0x000001da56e80000, 0x000001da570f0000, 0x000001da5e3b0000]
CodeHeap 'non-nmethods': size=5760Kb used=1400Kb max_used=1416Kb free=4359Kb
 bounds [0x000001da568e0000, 0x000001da56b50000, 0x000001da56e80000]
 total_blobs=2045 nmethods=1432 adapters=525
 compilation: enabled
              stopped_count=0, restarted_count=0
 full_count=0

Compilation events (20 events):
Event: 497.862 Thread 0x000001da72a4f9d0 nmethod 1405 0x000001da570d0a90 code [0x000001da570d0c40, 0x000001da570d0db8]
Event: 497.862 Thread 0x000001da72a4f9d0 1406       3       org.eclipse.jdt.launching.internal.org.objectweb.asm.SymbolTable$Entry::<init> (18 bytes)
Event: 497.862 Thread 0x000001da72a4f9d0 nmethod 1406 0x000001da570d0f10 code [0x000001da570d10c0, 0x000001da570d1248]
Event: 497.862 Thread 0x000001da72a4f9d0 1411       3       org.eclipse.jdt.launching.internal.org.objectweb.asm.SymbolTable::addConstantUtf8Reference (20 bytes)
Event: 497.862 Thread 0x000001da72a4f9d0 nmethod 1411 0x000001da570d1310 code [0x000001da570d14e0, 0x000001da570d17a8]
Event: 497.868 Thread 0x000001da72a4d010 

Event: 497.868 Thread 0x000001da72a4d010 1412       4       org.eclipse.jdt.launching.internal.org.objectweb.asm.ClassReader::readUtf (44 bytes)
Event: 497.886 Thread 0x000001da72a4d010 nmethod 1412 0x000001da5e418390 code [0x000001da5e418560, 0x000001da5e419758]
Event: 497.886 Thread 0x000001da72a4d010 1410       4       org.eclipse.jdt.launching.internal.org.objectweb.asm.Symbol::<init> (38 bytes)
Event: 497.888 Thread 0x000001da72a4d010 nmethod 1410 0x000001da5e419f90 code [0x000001da5e41a100, 0x000001da5e41a458]
Event: 497.888 Thread 0x000001da72a4d010 1413       4       org.eclipse.jdt.launching.internal.org.objectweb.asm.ClassReader::readUTF8 (23 bytes)
Event: 497.889 Thread 0x000001da72a4d010 nmethod 1413 0x000001da5e41a510 code [0x000001da5e41a6a0, 0x000001da5e41a868]
Event: 569.214 Thread 0x000001da72a4d010 1414       4       java.util.ArrayList::toArray (57 bytes)
Event: 569.217 Thread 0x000001da72a4d010 nmethod 1414 0x000001da5e41aa10 code [0x000001da5e41aba0, 0x000001da5e41b0f8]
Event: 578.509 Thread 0x000001da72a4d010 1415       4       sun.java2d.d3d.D3DSurfaceData$D3DWindowSurfaceData::isDirty (18 bytes)
Event: 578.510 Thread 0x000001da72a4d010 nmethod 1415 0x000001da5e41b310 code [0x000001da5e41b4a0, 0x000001da5e41b5b8]
Event: 583.326 Thread 0x000001da72a4d010 1416       4       java.util.ArrayList::toArray (57 bytes)
Event: 583.329 Thread 0x000001da72a4d010 nmethod 1416 0x000001da5e41b690 code [0x000001da5e41b820, 0x000001da5e41bef8]
Event: 1114.221 Thread 0x000001da72a4d010 1436       4       org.eclipse.jdt.launching.internal.org.objectweb.asm.SymbolTable::add (39 bytes)
Event: 1114.228 Thread 0x000001da72a4d010 


GC Heap History (0 events):
No events

Deoptimization events (20 events):
Event: 4.113 Thread 0x000001da79fda070 Uncommon trap: trap_request=0xffffffde fr.pc=0x000001da5e3bcc44 relative=0x00000000000001a4
Event: 4.113 Thread 0x000001da79fda070 Uncommon trap: reason=class_check action=maybe_recompile pc=0x000001da5e3bcc44 method=java.lang.String.equals(Ljava/lang/Object;)Z @ 8 c2
Event: 4.113 Thread 0x000001da79fda070 DEOPT PACKING pc=0x000001da5e3bcc44 sp=0x0000006ada5fe560
Event: 4.113 Thread 0x000001da79fda070 DEOPT UNPACKING pc=0x000001da5692e42f sp=0x0000006ada5fe508 mode 2
Event: 4.185 Thread 0x000001da79fda070 Uncommon trap: trap_request=0xffffffde fr.pc=0x000001da5e3bcc44 relative=0x00000000000001a4
Event: 4.185 Thread 0x000001da79fda070 Uncommon trap: reason=class_check action=maybe_recompile pc=0x000001da5e3bcc44 method=java.lang.String.equals(Ljava/lang/Object;)Z @ 8 c2
Event: 4.185 Thread 0x000001da79fda070 DEOPT PACKING pc=0x000001da5e3bcc44 sp=0x0000006ada5fe560
Event: 4.185 Thread 0x000001da79fda070 DEOPT UNPACKING pc=0x000001da5692e42f sp=0x0000006ada5fe508 mode 2
Event: 4.185 Thread 0x000001da79fda070 Uncommon trap: trap_request=0xffffffde fr.pc=0x000001da5e3bcc44 relative=0x00000000000001a4
Event: 4.185 Thread 0x000001da79fda070 Uncommon trap: reason=class_check action=maybe_recompile pc=0x000001da5e3bcc44 method=java.lang.String.equals(Ljava/lang/Object;)Z @ 8 c2
Event: 4.185 Thread 0x000001da79fda070 DEOPT PACKING pc=0x000001da5e3bcc44 sp=0x0000006ada5fe560
Event: 4.185 Thread 0x000001da79fda070 DEOPT UNPACKING pc=0x000001da5692e42f sp=0x0000006ada5fe508 mode 2
Event: 449.564 Thread 0x000001da7a154ac0 Uncommon trap: trap_request=0xffffffcc fr.pc=0x000001da5e417378 relative=0x00000000000002b8
Event: 449.564 Thread 0x000001da7a154ac0 Uncommon trap: reason=intrinsic_or_type_checked_inlining action=make_not_entrant pc=0x000001da5e417378 method=java.util.Arrays.copyOf([Ljava/lang/Object;ILjava/lang/Class;)[Ljava/lang/Object; @ 35 c2
Event: 449.564 Thread 0x000001da7a154ac0 DEOPT PACKING pc=0x000001da5e417378 sp=0x0000006ada9ff230
Event: 449.564 Thread 0x000001da7a154ac0 DEOPT UNPACKING pc=0x000001da5692e42f sp=0x0000006ada9ff1d0 mode 2
Event: 569.323 Thread 0x000001da7a154ac0 Uncommon trap: trap_request=0xffffffdc fr.pc=0x000001da5e41ad7c relative=0x00000000000001dc
Event: 569.323 Thread 0x000001da7a154ac0 Uncommon trap: reason=class_check action=make_not_entrant pc=0x000001da5e41ad7c method=java.util.ArrayList.toArray([Ljava/lang/Object;)[Ljava/lang/Object; @ 21 c2
Event: 569.323 Thread 0x000001da7a154ac0 DEOPT PACKING pc=0x000001da5e41ad7c sp=0x0000006ada9ff290
Event: 569.323 Thread 0x000001da7a154ac0 DEOPT UNPACKING pc=0x000001da5692e42f sp=0x0000006ada9ff260 mode 2

Classes unloaded (0 events):
No events

Classes redefined (4 events):
Event: 295.571 Thread 0x000001da72222b00 redefined class name=main.BeliefRevisionUI, count=1
Event: 497.864 Thread 0x000001da72222b00 redefined class name=main.BeliefRevisionUI, count=2
Event: 712.108 Thread 0x000001da72222b00 redefined class name=main.BeliefRevisionUI, count=3
Event: 1114.224 Thread 0x000001da72222b00 redefined class name=main.BeliefRevisionUI, count=4

Internal exceptions (19 events):
Event: 0.127 Thread 0x000001da4e6a0410 Exception <a 'java/lang/NoSuchMethodError'{0x0000000711048138}: 'void java.lang.invoke.DirectMethodHandle$Holder.invokeStatic(java.lang.Object, java.lang.Object)'> (0x0000000711048138) 
thrown [./open/src/hotspot/share/interpreter/linkResolver.cpp, line 782]
Event: 0.128 Thread 0x000001da4e6a0410 Exception <a 'java/lang/NoSuchMethodError'{0x000000071104bde0}: 'void java.lang.invoke.DirectMethodHandle$Holder.invokeStaticInit(java.lang.Object, java.lang.Object)'> (0x000000071104bde0) 
thrown [./open/src/hotspot/share/interpreter/linkResolver.cpp, line 782]
Event: 0.181 Thread 0x000001da4e6a0410 Exception <a 'java/lang/NoSuchMethodError'{0x00000007111e7730}: 'java.lang.Object java.lang.invoke.DirectMethodHandle$Holder.invokeStatic(java.lang.Object)'> (0x00000007111e7730) 
thrown [./open/src/hotspot/share/interpreter/linkResolver.cpp, line 782]
Event: 0.225 Thread 0x000001da4e6a0410 Exception <a 'java/lang/NoSuchMethodError'{0x0000000710f68af8}: 'void java.lang.invoke.DirectMethodHandle$Holder.invokeSpecial(java.lang.Object, java.lang.Object, java.lang.Object)'> (0x0000000710f68af8) 
thrown [./open/src/hotspot/share/interpreter/linkResolver.cpp, line 782]
Event: 0.231 Thread 0x000001da4e6a0410 Exception <a 'java/lang/ClassNotFoundException'{0x0000000710fa8e28}: sun/awt/resources/spi/awtProvider> (0x0000000710fa8e28) 
thrown [./open/src/hotspot/share/classfile/systemDictionary.cpp, line 295]
Event: 0.244 Thread 0x000001da4e6a0410 Exception <a 'java/io/FileNotFoundException'{0x0000000710c07468}> (0x0000000710c07468) 
thrown [./open/src/hotspot/share/prims/jni.cpp, line 578]
Event: 0.250 Thread 0x000001da4e6a0410 Exception <a 'java/io/FileNotFoundException'{0x0000000710c37de0}> (0x0000000710c37de0) 
thrown [./open/src/hotspot/share/prims/jni.cpp, line 578]
Event: 0.279 Thread 0x000001da4e6a0410 Exception <a 'java/lang/NoSuchMethodError'{0x0000000710d5af28}: 'java.lang.Object java.lang.invoke.DirectMethodHandle$Holder.invokeStaticInit(java.lang.Object)'> (0x0000000710d5af28) 
thrown [./open/src/hotspot/share/interpreter/linkResolver.cpp, line 782]
Event: 0.499 Thread 0x000001da4e6a0410 Exception <a 'java/lang/NoSuchMethodError'{0x0000000710a99788}: 'java.lang.Object java.lang.invoke.DirectMethodHandle$Holder.newInvokeSpecial(java.lang.Object, java.lang.Object, java.lang.Object, java.lang.Object, java.lang.Object)'> (0x0000000710a99788) 
thrown [./open/src/hotspot/share/interpreter/linkResolver.cpp, line 782]
Event: 0.500 Thread 0x000001da4e6a0410 Exception <a 'java/lang/NoSuchMethodError'{0x0000000710aa5218}: 'java.lang.Object java.lang.invoke.DirectMethodHandle$Holder.invokeStatic(java.lang.Object, int, java.lang.Object, java.lang.Object, java.lang.Object, java.lang.Object)'> (0x0000000710aa5218) 
thrown [./open/src/hotspot/share/interpreter/linkResolver.cpp, line 782]
Event: 0.503 Thread 0x000001da4e6a0410 Exception <a 'java/lang/NoSuchMethodError'{0x0000000710acbaf0}: 'java.lang.Object java.lang.invoke.DirectMethodHandle$Holder.invokeStatic(java.lang.Object, int, java.lang.Object)'> (0x0000000710acbaf0) 
thrown [./open/src/hotspot/share/interpreter/linkResolver.cpp, line 782]
Event: 0.521 Thread 0x000001da4e6a0410 Exception <a 'java/lang/ClassNotFoundException'{0x0000000710b92f88}: com/sun/swing/internal/plaf/metal/resources/spi/metalProvider> (0x0000000710b92f88) 
thrown [./open/src/hotspot/share/classfile/systemDictionary.cpp, line 295]
Event: 0.521 Thread 0x000001da4e6a0410 Exception <a 'java/lang/ClassNotFoundException'{0x0000000710b99a10}: com/sun/swing/internal/plaf/basic/resources/spi/basicProvider> (0x0000000710b99a10) 
thrown [./open/src/hotspot/share/classfile/systemDictionary.cpp, line 295]
Event: 0.550 Thread 0x000001da4e6a0410 Implicit null exception at 0x000001da5e3e162f to 0x000001da5e3e16ad
Event: 0.625 Thread 0x000001da4e6a0410 Exception <a 'java/lang/NoSuchMethodError'{0x00000007107891a0}: 'void java.lang.invoke.DirectMethodHandle$Holder.invokeStaticInit(java.lang.Object)'> (0x00000007107891a0) 
thrown [./open/src/hotspot/share/interpreter/linkResolver.cpp, line 782]
Event: 1043.095 Thread 0x000001da79fda070 Exception <a 'java/lang/NoSuchMethodError'{0x000000071016c770}: 'java.lang.Object java.lang.invoke.DirectMethodHandle$Holder.invokeSpecial(java.lang.Object, java.lang.Object, long, java.lang.Object, int, int, int, int, java.lang.Object, java.lang.Object, java.lang.Object)'> (0x000000071016c770) 
thrown [./open/src/hotspot/share/interpreter/linkResolver.cpp, line 782]
Event: 1043.096 Thread 0x000001da79fda070 Exception <a 'java/lang/NoSuchMethodError'{0x0000000710171418}: 'java.lang.Object java.lang.invoke.DelegatingMethodHandle$Holder.reinvoke_L(java.lang.Object, long, java.lang.Object, int, int, int, int, java.lang.Object, java.lang.Object, java.lang.Object)'> (0x0000000710171418) 
thrown [./open/src/hotspot/share/interpreter/linkResolver.cpp, line 782]
Event: 1043.144 Thread 0x000001da79fda070 Exception <a 'java/lang/NoSuchMethodError'{0x00000007101e5890}: 'java.lang.Object java.lang.invoke.DirectMethodHandle$Holder.invokeSpecial(java.lang.Object, java.lang.Object, long, java.lang.Object, java.lang.Object, java.lang.Object, java.lang.Object, int, java.lang.Object, java.lang.Object, java.lang.Object)'> (0x00000007101e5890) 
thrown [./open/src/hotspot/share/interpreter/linkResolver.cpp, line 782]
Event: 1043.146 Thread 0x000001da79fda070 Exception <a 'java/lang/NoSuchMethodError'{0x00000007101ea898}: 'java.lang.Object java.lang.invoke.DelegatingMethodHandle$Holder.reinvoke_L(java.lang.Object, long, java.lang.Object, java.lang.Object, java.lang.Object, java.lang.Object, int, java.lang.Object, java.lang.Object, java.lang.Object)'> (0x00000007101ea898) 
thrown [./open/src/hotspot/share/interpreter/linkResolver.cpp, line 782]

Events (20 events):
Event: 1114.246 Executing VM operation: GetCurrentLocation
Event: 1114.246 Executing VM operation: GetCurrentLocation done
Event: 1114.246 Executing VM operation: ChangeSingleStep
Event: 1114.246 Executing VM operation: ChangeSingleStep done
Event: 1114.246 Executing VM operation: GetFrameLocation
Event: 1114.246 Executing VM operation: GetFrameLocation done
Event: 1114.246 Executing VM operation: get/set locals
Event: 1114.247 Executing VM operation: get/set locals done
Event: 1114.248 Executing VM operation: ChangeSingleStep
Event: 1114.248 Executing VM operation: ChangeSingleStep done
Event: 1114.248 Executing VM operation: GetFrameCount
Event: 1114.248 Executing VM operation: GetFrameCount done
Event: 1114.249 Executing VM operation: GetFrameCount
Event: 1114.249 Executing VM operation: GetFrameCount done
Event: 1114.249 Executing VM operation: GetStackTrace
Event: 1114.249 Executing VM operation: GetStackTrace done
Event: 1114.250 Executing VM operation: GetFrameCount
Event: 1114.250 Executing VM operation: GetFrameCount done
Event: 1114.376 Executing VM operation: GetFrameLocation
Event: 1114.376 Executing VM operation: GetFrameLocation done


Dynamic libraries:
0x00007ff65ba50000 - 0x00007ff65ba5f000 	C:\Program Files\Java\jdk-15.0.1\bin\javaw.exe
0x00007ffbcfe50000 - 0x00007ffbd0045000 	C:\WINDOWS\SYSTEM32\ntdll.dll
0x00007ffbcee10000 - 0x00007ffbceecd000 	C:\WINDOWS\System32\KERNEL32.DLL
0x00007ffbcda90000 - 0x00007ffbcdd58000 	C:\WINDOWS\System32\KERNELBASE.dll
0x00007ffbcdd60000 - 0x00007ffbcde60000 	C:\WINDOWS\System32\ucrtbase.dll
0x00007ffbc8590000 - 0x00007ffbc85a8000 	C:\Program Files\Java\jdk-15.0.1\bin\jli.dll
0x00007ffbc85b0000 - 0x00007ffbc85c9000 	C:\Program Files\Java\jdk-15.0.1\bin\VCRUNTIME140.dll
0x00007ffbceca0000 - 0x00007ffbced4c000 	C:\WINDOWS\System32\ADVAPI32.dll
0x00007ffbce050000 - 0x00007ffbce0ee000 	C:\WINDOWS\System32\msvcrt.dll
0x00007ffbce180000 - 0x00007ffbce21b000 	C:\WINDOWS\System32\sechost.dll
0x00007ffbcf4e0000 - 0x00007ffbcf60b000 	C:\WINDOWS\System32\RPCRT4.dll
0x00007ffbcdeb0000 - 0x00007ffbce050000 	C:\WINDOWS\System32\USER32.dll
0x00007ffbb9630000 - 0x00007ffbb98ca000 	C:\WINDOWS\WinSxS\amd64_microsoft.windows.common-controls_6595b64144ccf1df_6.0.19041.844_none_ca00b6081b84eb1d\COMCTL32.dll
0x00007ffbcd640000 - 0x00007ffbcd662000 	C:\WINDOWS\System32\win32u.dll
0x00007ffbcf250000 - 0x00007ffbcf27a000 	C:\WINDOWS\System32\GDI32.dll
0x00007ffbcd830000 - 0x00007ffbcd93b000 	C:\WINDOWS\System32\gdi32full.dll
0x00007ffbcd940000 - 0x00007ffbcd9dd000 	C:\WINDOWS\System32\msvcp_win.dll
0x00007ffbc57e0000 - 0x00007ffbc57ea000 	C:\WINDOWS\SYSTEM32\VERSION.dll
0x00007ffbce0f0000 - 0x00007ffbce120000 	C:\WINDOWS\System32\IMM32.DLL
0x00007ffbc7780000 - 0x00007ffbc778c000 	C:\Program Files\Java\jdk-15.0.1\bin\vcruntime140_1.dll
0x00007ffba3920000 - 0x00007ffba39b1000 	C:\Program Files\Java\jdk-15.0.1\bin\msvcp140.dll
0x00007ffb33320000 - 0x00007ffb33e7e000 	C:\Program Files\Java\jdk-15.0.1\bin\server\jvm.dll
0x00007ffbcf090000 - 0x00007ffbcf098000 	C:\WINDOWS\System32\PSAPI.DLL
0x00007ffbc8580000 - 0x00007ffbc8589000 	C:\WINDOWS\SYSTEM32\WSOCK32.dll
0x00007ffbbabf0000 - 0x00007ffbbac17000 	C:\WINDOWS\SYSTEM32\WINMM.dll
0x00007ffbcf470000 - 0x00007ffbcf4db000 	C:\WINDOWS\System32\WS2_32.dll
0x00007ffbcc1a0000 - 0x00007ffbcc1b2000 	C:\WINDOWS\SYSTEM32\kernel.appcore.dll
0x00007ffbc84b0000 - 0x00007ffbc84ba000 	C:\Program Files\Java\jdk-15.0.1\bin\jimage.dll
0x00007ffbcbb40000 - 0x00007ffbcbd24000 	C:\WINDOWS\SYSTEM32\DBGHELP.DLL
0x00007ffbb4a40000 - 0x00007ffbb4a6c000 	C:\WINDOWS\SYSTEM32\dbgcore.DLL
0x00007ffbcd9e0000 - 0x00007ffbcda60000 	C:\WINDOWS\System32\bcryptPrimitives.dll
0x00007ffbb4fc0000 - 0x00007ffbb4ff9000 	C:\Program Files\Java\jdk-15.0.1\bin\jdwp.dll
0x00007ffbc8530000 - 0x00007ffbc853e000 	C:\Program Files\Java\jdk-15.0.1\bin\instrument.dll
0x00007ffbb4f80000 - 0x00007ffbb4fa5000 	C:\Program Files\Java\jdk-15.0.1\bin\java.dll
0x00007ffbcf6c0000 - 0x00007ffbcfe02000 	C:\WINDOWS\System32\SHELL32.dll
0x00007ffbcb2e0000 - 0x00007ffbcba70000 	C:\WINDOWS\SYSTEM32\windows.storage.dll
0x00007ffbce3a0000 - 0x00007ffbce6f5000 	C:\WINDOWS\System32\combase.dll
0x00007ffbccfe0000 - 0x00007ffbcd00c000 	C:\WINDOWS\SYSTEM32\Wldp.dll
0x00007ffbcf360000 - 0x00007ffbcf40e000 	C:\WINDOWS\System32\SHCORE.dll
0x00007ffbcedb0000 - 0x00007ffbcee05000 	C:\WINDOWS\System32\shlwapi.dll
0x00007ffbcd4d0000 - 0x00007ffbcd4ef000 	C:\WINDOWS\SYSTEM32\profapi.dll
0x00007ffbc7570000 - 0x00007ffbc757b000 	C:\Program Files\Java\jdk-15.0.1\bin\dt_socket.dll
0x00007ffbcc9d0000 - 0x00007ffbcca0b000 	C:\WINDOWS\SYSTEM32\IPHLPAPI.DLL
0x00007ffbccd20000 - 0x00007ffbccd8a000 	C:\WINDOWS\system32\mswsock.dll
0x00007ffbcca10000 - 0x00007ffbccadc000 	C:\WINDOWS\SYSTEM32\DNSAPI.dll
0x00007ffbce370000 - 0x00007ffbce378000 	C:\WINDOWS\System32\NSI.dll
0x00007ffbc1a00000 - 0x00007ffbc1a0a000 	C:\Windows\System32\rasadhlp.dll
0x00007ffbc12f0000 - 0x00007ffbc136f000 	C:\WINDOWS\System32\fwpuclnt.dll
0x00007ffbcda60000 - 0x00007ffbcda87000 	C:\WINDOWS\System32\bcrypt.dll
0x00007ffbb2b70000 - 0x00007ffbb2b88000 	C:\Program Files\Java\jdk-15.0.1\bin\zip.dll
0x00007ffbb2d00000 - 0x00007ffbb2d19000 	C:\Program Files\Java\jdk-15.0.1\bin\net.dll
0x00007ffbc4fc0000 - 0x00007ffbc50cb000 	C:\WINDOWS\SYSTEM32\WINHTTP.dll
0x00007ffbb2b90000 - 0x00007ffbb2ba2000 	C:\Program Files\Java\jdk-15.0.1\bin\nio.dll
0x00007ffbc84a0000 - 0x00007ffbc84b0000 	C:\Program Files\Java\jdk-15.0.1\bin\verify.dll
0x00007ffb68d90000 - 0x00007ffb68f10000 	C:\Program Files\Java\jdk-15.0.1\bin\awt.dll
0x00007ffbce2a0000 - 0x00007ffbce36d000 	C:\WINDOWS\System32\OLEAUT32.dll
0x00007ffbca170000 - 0x00007ffbca200000 	C:\WINDOWS\SYSTEM32\apphelp.dll
0x00007ffbca810000 - 0x00007ffbca83f000 	C:\WINDOWS\system32\DWMAPI.DLL
0x00007ffbca300000 - 0x00007ffbca39e000 	C:\WINDOWS\system32\uxtheme.dll
0x00007ffb4cd70000 - 0x00007ffb4ce96000 	C:\WINDOWS\system32\opengl32.dll
0x00007ffbaf290000 - 0x00007ffbaf2bc000 	C:\WINDOWS\SYSTEM32\GLU32.dll
0x00007ffbcf130000 - 0x00007ffbcf245000 	C:\WINDOWS\System32\MSCTF.dll
0x00007ffbceb70000 - 0x00007ffbcec9a000 	C:\WINDOWS\System32\ole32.dll
0x00007ffbb0f50000 - 0x00007ffbb111e000 	C:\WINDOWS\system32\d3d9.dll
0x00007ffbc1bb0000 - 0x00007ffbc1cb5000 	C:\WINDOWS\System32\DriverStore\FileRepository\nvlti.inf_amd64_c165b6bc2dafb352\nvldumdx.dll
0x00007ffbcd180000 - 0x00007ffbcd192000 	C:\WINDOWS\SYSTEM32\msasn1.dll
0x00007ffbc4320000 - 0x00007ffbc4351000 	C:\WINDOWS\SYSTEM32\cryptnet.dll
0x00007ffbcd670000 - 0x00007ffbcd7cf000 	C:\WINDOWS\System32\CRYPT32.dll
0x00007ffbccea0000 - 0x00007ffbcceac000 	C:\WINDOWS\SYSTEM32\cryptbase.dll
0x00007ffbcd7d0000 - 0x00007ffbcd830000 	C:\WINDOWS\System32\WINTRUST.DLL
0x00007ffbce380000 - 0x00007ffbce39d000 	C:\WINDOWS\System32\imagehlp.dll
0x00007ffbcceb0000 - 0x00007ffbccec8000 	C:\WINDOWS\SYSTEM32\CRYPTSP.dll
0x00007ffbcc660000 - 0x00007ffbcc694000 	C:\WINDOWS\system32\rsaenh.dll
0x00007ffb554d0000 - 0x00007ffb5711a000 	C:\WINDOWS\System32\DriverStore\FileRepository\nvlti.inf_amd64_c165b6bc2dafb352\nvd3dumx.dll
0x00007ffb935e0000 - 0x00007ffb93899000 	C:\WINDOWS\system32\nvspcap64.dll
0x00007ffbcc290000 - 0x00007ffbcc2c3000 	C:\WINDOWS\SYSTEM32\ntmarta.dll
0x00007ffbcbe20000 - 0x00007ffbcbe43000 	C:\WINDOWS\SYSTEM32\gpapi.dll
0x00007ffbc22f0000 - 0x00007ffbc232b000 	C:\WINDOWS\SYSTEM32\dxcore.dll
0x00007ffbcde60000 - 0x00007ffbcdeae000 	C:\WINDOWS\System32\cfgmgr32.dll
0x00007ffba7df0000 - 0x00007ffba7e75000 	C:\Program Files\Java\jdk-15.0.1\bin\freetype.dll
0x00007ffb7eaf0000 - 0x00007ffb7eb99000 	C:\Program Files\Java\jdk-15.0.1\bin\fontmanager.dll
0x00007ffbcf610000 - 0x00007ffbcf6b9000 	C:\WINDOWS\System32\clbcatq.dll
0x00007ffbc5a80000 - 0x00007ffbc5c34000 	C:\WINDOWS\SYSTEM32\WindowsCodecs.dll
0x00007ffb9e2c0000 - 0x00007ffb9e2fe000 	C:\WINDOWS\system32\dataexchange.dll
0x00007ffbc87a0000 - 0x00007ffbc8a04000 	C:\WINDOWS\system32\d3d11.dll
0x00007ffbc9670000 - 0x00007ffbc9855000 	C:\WINDOWS\system32\dcomp.dll
0x00007ffbcbe70000 - 0x00007ffbcbf64000 	C:\WINDOWS\system32\dxgi.dll
0x00007ffbc5d80000 - 0x00007ffbc5f81000 	C:\WINDOWS\system32\twinapi.appcore.dll
0x00007ffbc1530000 - 0x00007ffbc1629000 	C:\WINDOWS\SYSTEM32\textinputframework.dll
0x00007ffbc9be0000 - 0x00007ffbc9f3e000 	C:\WINDOWS\System32\CoreUIComponents.dll
0x00007ffbc9f40000 - 0x00007ffbca032000 	C:\WINDOWS\System32\CoreMessaging.dll
0x00007ffbc8e70000 - 0x00007ffbc8fc4000 	C:\WINDOWS\SYSTEM32\wintypes.dll
0x00007ffb57a80000 - 0x00007ffb57b09000 	C:\Program Files (x86)\Overwolf\0.170.0.13\OWExplorer.dll

dbghelp: loaded successfully - version: 4.0.5 - missing functions: none
symbol engine: initialized successfully - sym options: 0x614 - pdb path: .;C:\Program Files\Java\jdk-15.0.1\bin;C:\WINDOWS\SYSTEM32;C:\WINDOWS\WinSxS\amd64_microsoft.windows.common-controls_6595b64144ccf1df_6.0.19041.844_none_ca00b6081b84eb1d;C:\Program Files\Java\jdk-15.0.1\bin\server;C:\WINDOWS\System32\DriverStore\FileRepository\nvlti.inf_amd64_c165b6bc2dafb352;C:\Program Files (x86)\Overwolf\0.170.0.13

VM Arguments:
jvm_args: -XX:+ShowCodeDetailsInExceptionMessages -agentlib:jdwp=transport=dt_socket,suspend=y,address=localhost:61367 -javaagent:C:\Users\sam_t\eclipse\java-2021-03\eclipse\configuration\org.eclipse.osgi\222\0\.cp\lib\javaagent-shaded.jar -Dfile.encoding=Cp1252 
java_command: main.BeliefRevisionUI
java_class_path (initial): C:\Users\sam_t\eclipse-workspace\Belief Revision\bin
Launcher Type: SUN_STANDARD

[Global flags]
     intx CICompilerCount                          = 4                                         {product} {ergonomic}
     uint ConcGCThreads                            = 3                                         {product} {ergonomic}
     uint G1ConcRefinementThreads                  = 10                                        {product} {ergonomic}
   size_t G1HeapRegionSize                         = 2097152                                   {product} {ergonomic}
    uintx GCDrainStackTargetSize                   = 64                                        {product} {ergonomic}
   size_t InitialHeapSize                          = 268435456                                 {product} {ergonomic}
   size_t MarkStackSize                            = 4194304                                   {product} {ergonomic}
   size_t MaxHeapSize                              = 4273995776                                {product} {ergonomic}
   size_t MaxNewSize                               = 2562719744                                {product} {ergonomic}
   size_t MinHeapDeltaBytes                        = 2097152                                   {product} {ergonomic}
   size_t MinHeapSize                              = 8388608                                   {product} {ergonomic}
    uintx NonNMethodCodeHeapSize                   = 5839372                                {pd product} {ergonomic}
    uintx NonProfiledCodeHeapSize                  = 122909434                              {pd product} {ergonomic}
    uintx ProfiledCodeHeapSize                     = 122909434                              {pd product} {ergonomic}
    uintx ReservedCodeCacheSize                    = 251658240                              {pd product} {ergonomic}
     bool SegmentedCodeCache                       = true                                      {product} {ergonomic}
     bool ShowCodeDetailsInExceptionMessages       = true                                   {manageable} {command line}
   size_t SoftMaxHeapSize                          = 4273995776                             {manageable} {ergonomic}
     bool UseCompressedClassPointers               = true                                 {lp64_product} {ergonomic}
     bool UseCompressedOops                        = true                                 {lp64_product} {ergonomic}
     bool UseG1GC                                  = true                                      {product} {ergonomic}
     bool UseLargePagesIndividualAllocation        = false                                  {pd product} {ergonomic}

Logging:
Log output configuration:
 #0: stdout all=warning uptime,level,tags
 #1: stderr all=off uptime,level,tags

Environment Variables:
PATH=C:/Program Files/Java/jdk-15.0.1/bin/server;C:/Program Files/Java/jdk-15.0.1/bin;C:\Program Files (x86)\Common Files\Oracle\Java\javapath;C:\Program Files\Common Files\Oracle\Java\javapath;C:\Windows\system32;C:\Windows;C:\Windows\System32\Wbem;C:\Windows\System32\WindowsPowerShell\v1.0\;C:\Windows\System32\OpenSSH\;C:\Program Files (x86)\NVIDIA Corporation\PhysX\Common;C:\Program Files\NVIDIA Corporation\NVIDIA NvDLISR;C:\Program Files\Git\cmd;C:\Program Files\PuTTY\;C:\Program Files\dotnet\;C:\Program Files\CMake\bin;C:\Program Files\nodejs\;;C:\WINDOWS\system32;C:\WINDOWS;C:\WINDOWS\System32\Wbem;C:\WINDOWS\System32\WindowsPowerShell\v1.0\;C:\WINDOWS\System32\OpenSSH\;C:\Users\sam_t\AppData\Local\Microsoft\WindowsApps;;C:\Users\sam_t\AppData\Local\Programs\Microsoft VS Code\bin;C:\Users\sam_t\.dotnet\tools;C:\Users\sam_t\AppData\Roaming\npm;C:\WINDOWS\system32;
USERNAME=sam_t
OS=Windows_NT
PROCESSOR_IDENTIFIER=Intel64 Family 6 Model 158 Stepping 10, GenuineIntel



---------------  S Y S T E M  ---------------

OS:
 Windows 10 , 64 bit Build 19041 (10.0.19041.928)
OS uptime: 1 days 21:28 hours
HyperV virtualization detected

CPU: total 12 (initial active 12) (6 cores per cpu, 2 threads per core) family 6 model 158 stepping 10 microcode 0xde, cmov, cx8, fxsr, mmx, sse, sse2, sse3, ssse3, sse4.1, sse4.2, popcnt, vzeroupper, avx, avx2, aes, clmul, erms, 3dnowpref, lzcnt, ht, tsc, tscinvbit, bmi1, bmi2, adx, fma, clflush, clflushopt

Memory: 4k page, system-wide physical 16303M (7756M free)
TotalPageFile size 28079M (AvailPageFile size 9871M)
current process WorkingSet (physical memory assigned to process): 104M, peak: 104M
current process commit charge ("private bytes"): 397M, peak: 399M

vm_info: Java HotSpot(TM) 64-Bit Server VM (15.0.1+9-18) for windows-amd64 JRE (15.0.1+9-18), built on Sep 15 2020 14:43:54 by "mach5one" with unknown MS VC++:1925

END.
